============================================
GSD Autopilot Session Log
Started: 2026-03-09T13:15:19-04:00
Project: /Users/seanspade/Documents/Source/get-more-shit-done
From-phase: auto-detect
Dry-run: false
============================================

[13:15:19] BANNER: STARTING
[13:15:19] STARTUP: phase=40 step=discuss circuit_breaker=3 max_retries=3
[13:15:19] MAIN LOOP: phase=40 step=discuss
[13:15:19] BANNER: Phase 40 > discuss
[13:24:56] PROGRESS CHECK: step=discuss before=1331|0 after=1336|4
[13:24:56] PROGRESS DETECTED: snapshot changed
[13:24:56] MAIN LOOP: phase=40 step=complete
[13:24:56] BANNER: Phase 40 COMPLETE ✓
[13:24:56] MAIN LOOP: phase=41 step=discuss
[13:24:56] BANNER: Phase 41 > discuss
[13:32:27] PROGRESS CHECK: step=discuss before=1336|4 after=1341|7
[13:32:28] PROGRESS DETECTED: snapshot changed
[13:32:28] MAIN LOOP: phase=41 step=complete
[13:32:28] BANNER: Phase 41 COMPLETE ✓
[13:32:28] MAIN LOOP: phase=42 step=discuss
[13:32:28] BANNER: Phase 42 > discuss
[13:42:37] PROGRESS CHECK: step=discuss before=1341|7 after=1348|13
[13:42:37] PROGRESS DETECTED: snapshot changed
[13:42:37] MAIN LOOP: phase=42 step=complete
[13:42:37] BANNER: Phase 42 COMPLETE ✓
[13:42:37] MAIN LOOP: phase=43 step=discuss
[13:42:37] BANNER: Phase 43 > discuss
[13:51:03] PROGRESS CHECK: step=discuss before=1348|13 after=1353|17
[13:51:03] PROGRESS DETECTED: snapshot changed
[13:51:03] MAIN LOOP: phase=43 step=complete
[13:51:03] BANNER: Phase 43 COMPLETE ✓
[13:51:03] MAIN LOOP: phase=44 step=discuss
[13:51:03] BANNER: Phase 44 > discuss
[13:59:25] PROGRESS CHECK: step=discuss before=1353|17 after=1357|20
[13:59:25] PROGRESS DETECTED: snapshot changed
[13:59:25] MAIN LOOP: phase=44 step=complete
[13:59:25] BANNER: Phase 44 COMPLETE ✓
[13:59:25] COMPLETE: all phases done, total_iterations=5
[13:59:25] BANNER: MILESTONE AUDIT
[13:59:25] AUDIT: starting milestone audit
[13:59:25] STEP START: phase=44 step=milestone-audit
[13:59:25] BANNER: Phase 44 > milestone-audit
[14:11:57] STEP DONE: step=milestone-audit exit_code=0
[14:11:57] PROGRESS CHECK: step=milestone-audit before=1357|20 after=1357|20
[14:11:57] NO PROGRESS: count=1/3
[14:11:57] AUDIT: result=gaps_found
[14:11:57] BANNER: MILESTONE AUDIT: GAPS FOUND
[14:11:57] GAP CLOSURE: iteration=1/3
[14:11:57] BANNER: GAP CLOSURE: Iteration 1/3
[14:11:57] STEP START: phase=44 step=gap-planning
[14:11:57] BANNER: Phase 44 > gap-planning
[14:13:33] STEP DONE: step=gap-planning exit_code=0
[14:13:33] PROGRESS CHECK: step=gap-planning before=1357|20 after=1358|20
[14:13:33] PROGRESS DETECTED: snapshot changed
[14:13:33] BANNER: Phase 45 > discuss
[14:23:13] PROGRESS CHECK: step=discuss before=1358|20 after=1364|23
[14:23:13] PROGRESS DETECTED: snapshot changed
[14:23:13] BANNER: Fix Phase 45 COMPLETE ✓
[14:23:14] BANNER: Phase 46 > discuss
[14:30:45] PROGRESS CHECK: step=discuss before=1364|23 after=1369|29
[14:30:45] PROGRESS DETECTED: snapshot changed
[14:30:45] BANNER: Fix Phase 46 COMPLETE ✓
[14:30:46] BANNER: RE-AUDIT: After iteration 1
[14:30:46] BANNER: MILESTONE AUDIT
[14:30:46] AUDIT: starting milestone audit
[14:30:46] STEP START: phase=46 step=milestone-audit
[14:30:46] BANNER: Phase 46 > milestone-audit
[14:36:27] STEP DONE: step=milestone-audit exit_code=0
[14:36:27] PROGRESS CHECK: step=milestone-audit before=1369|29 after=1369|29
[14:36:27] NO PROGRESS: count=1/3
[14:36:27] AUDIT: result=tech_debt
[14:36:27] BANNER: MILESTONE AUDIT PASSED ✓ (tech debt accepted)
[14:36:27] BANNER: GAP CLOSURE COMPLETE ✓
[14:36:27] BANNER: MILESTONE COMPLETION
[14:36:27] STEP START: phase=46 step=milestone-completion
[14:36:27] BANNER: Phase 46 > milestone-completion
[14:42:36] STEP DONE: step=milestone-completion exit_code=0
[14:42:36] PROGRESS CHECK: step=milestone-completion before=1369|29 after=1371|0
[14:42:36] PROGRESS DETECTED: snapshot changed
[14:42:36] BANNER: MILESTONE COMPLETE ✓
