============================================
GSD Autopilot Session Log
Started: 2026-03-13T13:16:37.357Z
Project: /Users/seanspade/Documents/Source/get-more-shit-done
From-phase: auto-detect
Dry-run: false
============================================

[09:16:37] BANNER: ALL PHASES COMPLETE
[09:16:37] BANNER: MILESTONE AUDIT
[09:16:37] AUDIT: starting milestone audit
[09:16:37] BANNER: Phase null > milestone-audit
[09:16:37] STEP START: phase=null step=milestone-audit
[09:17:31] STEP DONE: step=milestone-audit exit_code=0
[09:17:31] PROGRESS CHECK: step=milestone-audit before=1472|0 after=1472|0
[09:17:31] NO PROGRESS: count=1/3
[09:17:31] AUDIT: result=tech_debt
[09:17:31] BANNER: MILESTONE AUDIT PASSED ✓ (tech debt accepted)
[09:17:31] BANNER: MILESTONE COMPLETION
[09:17:31] BANNER: Phase null > milestone-completion
[09:17:31] STEP START: phase=null step=milestone-completion
[09:18:07] STEP DONE: step=milestone-completion exit_code=0
[09:18:07] PROGRESS CHECK: step=milestone-completion before=1472|0 after=1472|0
[09:18:07] NO PROGRESS: count=2/3
[09:18:07] BANNER: MILESTONE COMPLETE ✓
