============================================
GSD Autopilot Session Log
Started: 2026-03-10T12:05:20-04:00
Project: /Users/seanspade/Documents/Source/get-more-shit-done
From-phase: auto-detect
Dry-run: false
============================================

[12:05:20] BANNER: STARTING
[12:05:20] STARTUP: phase=47 step=discuss circuit_breaker=3 max_retries=3
[12:05:20] MAIN LOOP: phase=47 step=discuss
[12:05:20] BANNER: Phase 47 > discuss
[12:21:56] PROGRESS CHECK: step=discuss before=1377|0 after=1385|8
[12:21:56] PROGRESS DETECTED: snapshot changed
[12:21:56] MAIN LOOP: phase=47 step=complete
[12:21:56] BANNER: Phase 47 COMPLETE ✓
[12:21:56] MAIN LOOP: phase=48 step=discuss
[12:21:56] BANNER: Phase 48 > discuss
[12:37:05] PROGRESS CHECK: step=discuss before=1385|8 after=1390|16
[12:37:05] PROGRESS DETECTED: snapshot changed
[12:37:05] MAIN LOOP: phase=48 step=complete
[12:37:05] BANNER: Phase 48 COMPLETE ✓
[12:37:05] MAIN LOOP: phase=49 step=discuss
[12:37:05] BANNER: Phase 49 > discuss
[12:55:01] PROGRESS CHECK: step=discuss before=1390|16 after=1396|23
[12:55:01] PROGRESS DETECTED: snapshot changed
[12:55:01] MAIN LOOP: phase=49 step=complete
[12:55:01] BANNER: Phase 49 COMPLETE ✓
[12:55:01] MAIN LOOP: phase=50 step=discuss
[12:55:01] BANNER: Phase 50 > discuss
[13:05:50] PROGRESS CHECK: step=discuss before=1396|23 after=1403|29
[13:05:50] PROGRESS DETECTED: snapshot changed
[13:05:50] MAIN LOOP: phase=50 step=complete
[13:05:50] BANNER: Phase 50 COMPLETE ✓
[13:05:50] MAIN LOOP: phase=51 step=discuss
[13:05:50] BANNER: Phase 51 > discuss
[13:12:21] PROGRESS CHECK: step=discuss before=1403|29 after=1404|30
[13:12:21] PROGRESS DETECTED: snapshot changed
[13:12:21] MAIN LOOP: phase=51 step=plan
[13:12:21] BANNER: Phase 51 > plan
[13:29:35] PROGRESS CHECK: step=plan before=1404|30 after=1411|35
[13:29:35] PROGRESS DETECTED: snapshot changed
[13:29:35] MAIN LOOP: phase=51 step=complete
[13:29:35] BANNER: Phase 51 COMPLETE ✓
[13:29:35] COMPLETE: all phases done, total_iterations=6
[13:29:35] BANNER: MILESTONE AUDIT
[13:29:35] AUDIT: starting milestone audit
[13:29:35] STEP START: phase=51 step=milestone-audit
[13:29:35] BANNER: Phase 51 > milestone-audit
[13:39:39] STEP DONE: step=milestone-audit exit_code=0
[13:39:39] PROGRESS CHECK: step=milestone-audit before=1411|35 after=1411|35
[13:39:39] NO PROGRESS: count=1/3
[13:39:39] AUDIT: result=gaps_found
[13:39:39] BANNER: MILESTONE AUDIT: GAPS FOUND
[13:39:39] GAP CLOSURE: iteration=1/3
[13:39:39] BANNER: GAP CLOSURE: Iteration 1/3
[13:39:39] STEP START: phase=51 step=gap-planning
[13:39:39] BANNER: Phase 51 > gap-planning
[13:42:04] STEP DONE: step=gap-planning exit_code=0
[13:42:05] PROGRESS CHECK: step=gap-planning before=1411|35 after=1412|35
[13:42:05] PROGRESS DETECTED: snapshot changed
[13:42:05] BANNER: Phase 52 > discuss
[13:50:22] PROGRESS CHECK: step=discuss before=1412|35 after=1418|39
[13:50:22] PROGRESS DETECTED: snapshot changed
[13:50:22] BANNER: Fix Phase 52 COMPLETE ✓
[13:50:23] BANNER: Phase 53 > discuss
[14:00:17] PROGRESS CHECK: step=discuss before=1418|39 after=1424|46
[14:00:17] PROGRESS DETECTED: snapshot changed
[14:00:17] BANNER: Fix Phase 53 COMPLETE ✓
[14:00:17] BANNER: RE-AUDIT: After iteration 1
[14:00:17] BANNER: MILESTONE AUDIT
[14:00:17] AUDIT: starting milestone audit
[14:00:17] STEP START: phase=53 step=milestone-audit
[14:00:17] BANNER: Phase 53 > milestone-audit
[14:06:59] STEP DONE: step=milestone-audit exit_code=0
[14:06:59] PROGRESS CHECK: step=milestone-audit before=1424|46 after=1424|46
[14:06:59] NO PROGRESS: count=1/3
[14:06:59] AUDIT: result=tech_debt
[14:06:59] BANNER: MILESTONE AUDIT PASSED ✓ (tech debt accepted)
[14:06:59] BANNER: GAP CLOSURE COMPLETE ✓
[14:06:59] BANNER: MILESTONE COMPLETION
[14:06:59] STEP START: phase=53 step=milestone-completion
[14:06:59] BANNER: Phase 53 > milestone-completion
