============================================
GSD Autopilot Session Log
Started: 2026-03-13T05:36:49.116Z
Project: /Users/seanspade/Documents/Source/get-more-shit-done
From-phase: auto-detect
Dry-run: false
============================================

[01:36:49] BANNER: ALL PHASES COMPLETE
[01:36:49] BANNER: MILESTONE AUDIT
[01:36:49] AUDIT: starting milestone audit
[01:36:49] BANNER: Phase null > milestone-audit
[01:36:49] STEP START: phase=null step=milestone-audit
[02:06:03] STEP DONE: step=milestone-audit exit_code=0
[02:06:03] PROGRESS CHECK: step=milestone-audit before=1471|26 after=1471|26
[02:06:03] NO PROGRESS: count=1/3
[02:06:03] AUDIT: result=passed
[02:06:03] BANNER: MILESTONE AUDIT PASSED ✓
[02:06:03] BANNER: MILESTONE COMPLETION
[02:06:03] BANNER: Phase null > milestone-completion
[02:06:03] STEP START: phase=null step=milestone-completion
[02:12:37] STEP DONE: step=milestone-completion exit_code=0
[02:12:37] PROGRESS CHECK: step=milestone-completion before=1471|26 after=1472|0
[02:12:37] PROGRESS DETECTED: snapshot changed
[02:12:37] BANNER: MILESTONE COMPLETE ✓
