============================================
GSD Autopilot Session Log
Started: 2026-03-10T17:48:45.254Z
Project: /Users/seanspade/Documents/Source/get-more-shit-done
From-phase: auto-detect
Dry-run: true
============================================

[13:48:45] BANNER: STARTING
[13:48:45] STARTUP: phase=52 step=execute circuit_breaker=3
[13:48:45] MAIN LOOP: phase=52 step=execute
[13:48:45] BANNER: Phase 52 > execute
[13:48:45] STEP DRY-RUN: execute
[13:48:45] PROGRESS CHECK: step=execute (dry-run) before=1416|37 after=1416|37
[13:48:45] NO PROGRESS: count=1/3
[13:48:45] MAIN LOOP: phase=52 step=execute
[13:48:45] BANNER: Phase 52 > execute
[13:48:45] STEP DRY-RUN: execute
[13:48:45] PROGRESS CHECK: step=execute (dry-run) before=1416|37 after=1416|37
[13:48:45] NO PROGRESS: count=2/3
[13:48:45] MAIN LOOP: phase=52 step=execute
[13:48:45] BANNER: Phase 52 > execute
[13:48:45] STEP DRY-RUN: execute
[13:48:45] PROGRESS CHECK: step=execute (dry-run) before=1416|37 after=1416|37
[13:48:45] NO PROGRESS: count=3/3
[13:48:45] CIRCUIT BREAKER TRIGGERED at step=execute (dry-run)
[13:48:45] HALT REPORT: reason=Circuit breaker triggered phase=52 step=execute (dry-run) exit_code=N/A
[13:48:45] HALT: total_iterations=3 no_progress_count=3
[13:48:45] ITERATION: Iteration 1 (execute (dry-run)): NO PROGRESS - snapshot unchanged (1416|37)
[13:48:45] ITERATION: Iteration 2 (execute (dry-run)): NO PROGRESS - snapshot unchanged (1416|37)
[13:48:45] ITERATION: Iteration 3 (execute (dry-run)): NO PROGRESS - snapshot unchanged (1416|37)
