============================================
GSD Autopilot Session Log
Started: 2026-03-14T17:54:25.615Z
Project: /Users/seanspade/Documents/Source/get-more-shit-done
From-phase: auto-detect
Dry-run: false
============================================

[13:54:25] BANNER: STARTING
[13:54:25] STARTUP: phase=59 step=discuss circuit_breaker=3
[13:54:25] MAIN LOOP: phase=59 step=discuss
[13:54:25] BANNER: Phase 59 > discuss
[13:54:25] STEP START: phase=59 step=discuss
[14:07:20] STEP DONE: step=discuss exit_code=0
[14:07:20] PROGRESS CHECK: step=discuss before=1478|0 after=1484|4
[14:07:20] PROGRESS DETECTED: snapshot changed
[14:07:20] MAIN LOOP: phase=59 step=complete
[14:07:20] BANNER: Phase 59 COMPLETE
[14:07:20] PHASE ADVANCE: new_phase=60
[14:07:20] MAIN LOOP: phase=60 step=discuss
[14:07:20] BANNER: Phase 60 > discuss
[14:07:20] STEP START: phase=60 step=discuss
[14:19:41] STEP DONE: step=discuss exit_code=0
[14:19:41] PROGRESS CHECK: step=discuss before=1484|4 after=1490|9
[14:19:41] PROGRESS DETECTED: snapshot changed
[14:19:41] MAIN LOOP: phase=60 step=complete
[14:19:41] BANNER: Phase 60 COMPLETE
[14:19:41] PHASE ADVANCE: new_phase=61
[14:19:41] MAIN LOOP: phase=61 step=discuss
[14:19:41] BANNER: Phase 61 > discuss
[14:19:41] STEP START: phase=61 step=discuss
[14:29:17] STEP DONE: step=discuss exit_code=0
[14:29:17] PROGRESS CHECK: step=discuss before=1490|9 after=1496|13
[14:29:17] PROGRESS DETECTED: snapshot changed
[14:29:17] MAIN LOOP: phase=61 step=complete
[14:29:17] BANNER: Phase 61 COMPLETE
[14:29:17] PHASE ADVANCE: new_phase=62
[14:29:17] MAIN LOOP: phase=62 step=discuss
[14:29:17] BANNER: Phase 62 > discuss
[14:29:17] STEP START: phase=62 step=discuss
[14:38:35] STEP DONE: step=discuss exit_code=0
[14:38:35] PROGRESS CHECK: step=discuss before=1496|13 after=1502|18
[14:38:35] PROGRESS DETECTED: snapshot changed
[14:38:35] MAIN LOOP: phase=62 step=complete
[14:38:35] BANNER: Phase 62 COMPLETE
[14:38:35] COMPLETE: all phases done, total_iterations=4
[14:38:35] BANNER: MILESTONE AUDIT
[14:38:35] AUDIT: starting milestone audit
[14:38:35] BANNER: Phase 62 > milestone-audit
[14:38:35] STEP START: phase=62 step=milestone-audit
[14:44:10] STEP DONE: step=milestone-audit exit_code=0
[14:44:10] PROGRESS CHECK: step=milestone-audit before=1502|18 after=1502|18
[14:44:10] NO PROGRESS: count=1/3
[14:44:10] AUDIT: result=gaps_found
[14:44:10] BANNER: MILESTONE AUDIT: GAPS FOUND
[14:44:10] GAP CLOSURE: iteration=1/3
[14:44:10] BANNER: GAP CLOSURE: Iteration 1/3
[14:44:10] BANNER: Phase 62 > gap-planning
[14:44:10] STEP START: phase=62 step=gap-planning
[14:46:07] STEP DONE: step=gap-planning exit_code=0
[14:46:07] PROGRESS CHECK: step=gap-planning before=1502|18 after=1503|18
[14:46:07] PROGRESS DETECTED: snapshot changed
[14:46:07] BANNER: Phase 63 > discuss
[14:46:07] STEP START: phase=63 step=discuss
[15:19:45] STEP DONE: step=discuss exit_code=0
[15:19:45] PROGRESS CHECK: step=discuss before=1503|18 after=1508|24
[15:19:45] PROGRESS DETECTED: snapshot changed
[15:19:45] BANNER: Fix Phase 63 COMPLETE ✓
[15:19:45] BANNER: RE-AUDIT: After iteration 1
[15:19:45] BANNER: MILESTONE AUDIT
[15:19:45] AUDIT: starting milestone audit
[15:19:45] BANNER: Phase 63 > milestone-audit
[15:19:45] STEP START: phase=63 step=milestone-audit
[15:25:20] STEP DONE: step=milestone-audit exit_code=0
[15:25:20] PROGRESS CHECK: step=milestone-audit before=1508|24 after=1508|24
[15:25:20] NO PROGRESS: count=1/3
[15:25:20] AUDIT: result=tech_debt
[15:25:20] BANNER: MILESTONE AUDIT PASSED ✓ (tech debt accepted)
[15:25:20] BANNER: GAP CLOSURE COMPLETE ✓
[15:25:20] BANNER: MILESTONE COMPLETION
[15:25:20] BANNER: Phase 63 > milestone-completion
[15:25:20] STEP START: phase=63 step=milestone-completion
[15:30:35] STEP DONE: step=milestone-completion exit_code=0
[15:30:35] PROGRESS CHECK: step=milestone-completion before=1508|24 after=1509|0
[15:30:35] PROGRESS DETECTED: snapshot changed
[15:30:35] BANNER: MILESTONE COMPLETE ✓
