============================================
GSD Autopilot Session Log
Started: 2026-03-10T17:49:41.111Z
Project: /Users/seanspade/Documents/Source/get-more-shit-done
From-phase: auto-detect
Dry-run: true
============================================

[13:49:41] BANNER: STARTING
[13:49:41] STARTUP: phase=53 step=discuss circuit_breaker=3
[13:49:41] MAIN LOOP: phase=53 step=discuss
[13:49:41] BANNER: Phase 53 > discuss
[13:49:41] STEP DRY-RUN: discuss
[13:49:41] PROGRESS CHECK: step=discuss (dry-run) before=1417|38 after=1417|38
[13:49:41] NO PROGRESS: count=1/3
[13:49:41] MAIN LOOP: phase=53 step=discuss
[13:49:41] BANNER: Phase 53 > discuss
[13:49:41] STEP DRY-RUN: discuss
[13:49:41] PROGRESS CHECK: step=discuss (dry-run) before=1417|38 after=1417|38
[13:49:41] NO PROGRESS: count=2/3
[13:49:41] MAIN LOOP: phase=53 step=discuss
[13:49:41] BANNER: Phase 53 > discuss
[13:49:41] STEP DRY-RUN: discuss
[13:49:41] PROGRESS CHECK: step=discuss (dry-run) before=1417|38 after=1417|38
[13:49:41] NO PROGRESS: count=3/3
[13:49:41] CIRCUIT BREAKER TRIGGERED at step=discuss (dry-run)
[13:49:41] HALT REPORT: reason=Circuit breaker triggered phase=53 step=discuss (dry-run) exit_code=N/A
[13:49:41] HALT: total_iterations=3 no_progress_count=3
[13:49:41] ITERATION: Iteration 1 (discuss (dry-run)): NO PROGRESS - snapshot unchanged (1417|38)
[13:49:41] ITERATION: Iteration 2 (discuss (dry-run)): NO PROGRESS - snapshot unchanged (1417|38)
[13:49:41] ITERATION: Iteration 3 (discuss (dry-run)): NO PROGRESS - snapshot unchanged (1417|38)
